2025-05-14 19:30:22,683 [INFO] [term6.py:674] - Settings loaded from T:\z-test1\termbuttons\term_enhanced_settings.json
2025-05-14 19:30:22,774 [INFO] [term6.py:358] - [Term1] Starting shell: C:\Program Files\Git\usr\bin\bash.EXE --login -i
2025-05-14 19:30:22,779 [INFO] [term6.py:367] - [Term1] Shell started successfully.
2025-05-14 19:30:22,783 [INFO] [term6.py:358] - [Term2] Starting shell: C:\Program Files\Git\usr\bin\bash.EXE --login -i
2025-05-14 19:30:22,787 [INFO] [term6.py:367] - [Term2] Shell started successfully.
2025-05-14 19:30:22,790 [DEBUG] [term6.py:488] - [Term2] Focus In Event
2025-05-14 19:30:22,790 [DEBUG] [term6.py:763] - MainWindow: Last focused terminal updated to Term2
2025-05-14 19:30:34,422 [DEBUG] [term6.py:763] - MainWindow: Last focused terminal updated to Term2
2025-05-14 19:30:34,422 [INFO] [term6.py:969] - Sending preset command 'ssh -i /c/Users/Basic/.ssh/oracle-amp.key ubuntu@193.122.157.24' to Term2
2025-05-14 19:30:34,423 [DEBUG] [term6.py:469] - [Term2] Sent command: ssh -i /c/Users/Basic/.ssh/oracle-amp.key ubuntu@193.122.157.24
2025-05-14 19:30:34,424 [DEBUG] [term6.py:488] - [Term2] Focus In Event
2025-05-14 19:30:34,424 [DEBUG] [term6.py:763] - MainWindow: Last focused terminal updated to Term2
2025-05-14 19:30:52,575 [DEBUG] [term6.py:488] - [Term1] Focus In Event
2025-05-14 19:30:52,575 [DEBUG] [term6.py:763] - MainWindow: Last focused terminal updated to Term1
2025-05-14 19:30:58,395 [DEBUG] [term6.py:488] - [Term2] Focus In Event
2025-05-14 19:30:58,395 [DEBUG] [term6.py:763] - MainWindow: Last focused terminal updated to Term2
2025-05-14 19:31:16,439 [DEBUG] [term6.py:488] - [Term2] Focus In Event
2025-05-14 19:31:16,440 [DEBUG] [term6.py:763] - MainWindow: Last focused terminal updated to Term2
2025-05-14 19:31:24,458 [DEBUG] [term6.py:488] - [Term2] Focus In Event
2025-05-14 19:31:24,458 [DEBUG] [term6.py:763] - MainWindow: Last focused terminal updated to Term2
2025-05-14 19:31:24,460 [INFO] [term6.py:978] - MainWindow close event. Closing all terminals.
2025-05-14 19:31:24,460 [INFO] [term6.py:704] - Settings saved to T:\z-test1\termbuttons\term_enhanced_settings.json
2025-05-14 19:31:24,461 [INFO] [term6.py:823] - Closing terminal: Term1
2025-05-14 19:31:24,461 [INFO] [term6.py:480] - [Term1] Close event received. Killing process.
2025-05-14 19:31:24,463 [ERROR] [term6.py:322] - [Term1] Process error: Process crashed (code: ProcessError.Crashed)
2025-05-14 19:31:24,896 [INFO] [term6.py:382] - [Term1] Process finished. ExitCode: 62097, Status: ExitStatus.CrashExit
2025-05-14 19:31:24,899 [DEBUG] [term6.py:488] - [Term2] Focus In Event
2025-05-14 19:31:24,899 [DEBUG] [term6.py:763] - MainWindow: Last focused terminal updated to Term2
2025-05-14 19:31:24,900 [INFO] [term6.py:823] - Closing terminal: Term2
2025-05-14 19:31:24,900 [INFO] [term6.py:480] - [Term2] Close event received. Killing process.
2025-05-14 19:31:24,901 [ERROR] [term6.py:322] - [Term2] Process error: Process crashed (code: ProcessError.Crashed)
2025-05-14 19:31:24,903 [INFO] [term6.py:382] - [Term2] Process finished. ExitCode: 62097, Status: ExitStatus.CrashExit
