2025-05-14 19:32:43,087 [INFO] [term6.py:674] - Settings loaded from T:\z-test1\termbuttons\term_enhanced_settings.json
2025-05-14 19:32:43,174 [INFO] [term6.py:358] - [Term1] Starting shell: C:\Program Files\Git\usr\bin\bash.EXE --login -i
2025-05-14 19:32:43,180 [INFO] [term6.py:367] - [Term1] Shell started successfully.
2025-05-14 19:32:43,184 [INFO] [term6.py:358] - [Term2] Starting shell: C:\Program Files\Git\usr\bin\bash.EXE --login -i
2025-05-14 19:32:43,188 [INFO] [term6.py:367] - [Term2] Shell started successfully.
2025-05-14 19:32:43,190 [DEBUG] [term6.py:488] - [Term2] Focus In Event
2025-05-14 19:32:43,190 [DEBUG] [term6.py:763] - MainWindow: Last focused terminal updated to Term2
2025-05-14 19:32:46,970 [DEBUG] [term6.py:488] - [Term2] Focus In Event
2025-05-14 19:32:46,970 [DEBUG] [term6.py:763] - MainWindow: Last focused terminal updated to Term2
2025-05-14 19:34:05,278 [DEBUG] [term6.py:488] - [Term2] Focus In Event
2025-05-14 19:34:05,278 [DEBUG] [term6.py:763] - MainWindow: Last focused terminal updated to Term2
2025-05-14 19:34:05,279 [INFO] [term6.py:704] - Settings saved to T:\z-test1\termbuttons\term_enhanced_settings.json
2025-05-14 19:34:05,279 [INFO] [term6.py:729] - Preset commands updated.
2025-05-14 19:34:08,340 [DEBUG] [term6.py:763] - MainWindow: Last focused terminal updated to Term2
2025-05-14 19:34:08,340 [INFO] [term6.py:969] - Sending preset command 'ssh -i -t /c/Users/Basic/.ssh/oracle-amp.key ubuntu@193.122.157.24' to Term2
2025-05-14 19:34:08,340 [DEBUG] [term6.py:469] - [Term2] Sent command: ssh -i -t /c/Users/Basic/.ssh/oracle-amp.key ubuntu@193.122.157.24
2025-05-14 19:34:08,342 [DEBUG] [term6.py:488] - [Term2] Focus In Event
2025-05-14 19:34:08,342 [DEBUG] [term6.py:763] - MainWindow: Last focused terminal updated to Term2
2025-05-14 19:34:26,209 [DEBUG] [term6.py:488] - [Term2] Focus In Event
2025-05-14 19:34:26,209 [DEBUG] [term6.py:763] - MainWindow: Last focused terminal updated to Term2
2025-05-14 19:44:46,285 [DEBUG] [term6.py:488] - [Term2] Focus In Event
2025-05-14 19:44:46,285 [DEBUG] [term6.py:763] - MainWindow: Last focused terminal updated to Term2
2025-05-14 19:45:10,735 [DEBUG] [term6.py:488] - [Term2] Focus In Event
2025-05-14 19:45:10,735 [DEBUG] [term6.py:763] - MainWindow: Last focused terminal updated to Term2
2025-05-14 19:45:35,122 [DEBUG] [term6.py:488] - [Term2] Focus In Event
2025-05-14 19:45:35,123 [DEBUG] [term6.py:763] - MainWindow: Last focused terminal updated to Term2
2025-05-14 19:45:35,124 [DEBUG] [term6.py:488] - [Term1] Focus In Event
2025-05-14 19:45:35,125 [DEBUG] [term6.py:763] - MainWindow: Last focused terminal updated to Term1
2025-05-14 19:45:35,727 [DEBUG] [term6.py:488] - [Term2] Focus In Event
2025-05-14 19:45:35,727 [DEBUG] [term6.py:763] - MainWindow: Last focused terminal updated to Term2
2025-05-14 19:45:41,739 [DEBUG] [term6.py:488] - [Term2] Focus In Event
2025-05-14 19:45:41,740 [DEBUG] [term6.py:763] - MainWindow: Last focused terminal updated to Term2
2025-05-14 19:46:13,550 [DEBUG] [term6.py:488] - [Term2] Focus In Event
2025-05-14 19:46:13,551 [DEBUG] [term6.py:763] - MainWindow: Last focused terminal updated to Term2
2025-05-14 19:46:19,480 [DEBUG] [term6.py:488] - [Term2] Focus In Event
2025-05-14 19:46:19,481 [DEBUG] [term6.py:763] - MainWindow: Last focused terminal updated to Term2
2025-05-14 19:46:44,538 [DEBUG] [term6.py:488] - [Term2] Focus In Event
2025-05-14 19:46:44,538 [DEBUG] [term6.py:763] - MainWindow: Last focused terminal updated to Term2
2025-05-14 19:47:39,195 [DEBUG] [term6.py:488] - [Term2] Focus In Event
2025-05-14 19:47:39,195 [DEBUG] [term6.py:763] - MainWindow: Last focused terminal updated to Term2
2025-05-14 19:47:40,836 [INFO] [term6.py:978] - MainWindow close event. Closing all terminals.
2025-05-14 19:47:40,837 [INFO] [term6.py:704] - Settings saved to T:\z-test1\termbuttons\term_enhanced_settings.json
2025-05-14 19:47:40,837 [INFO] [term6.py:823] - Closing terminal: Term1
2025-05-14 19:47:40,837 [INFO] [term6.py:480] - [Term1] Close event received. Killing process.
2025-05-14 19:47:40,839 [ERROR] [term6.py:322] - [Term1] Process error: Process crashed (code: ProcessError.Crashed)
2025-05-14 19:47:41,239 [INFO] [term6.py:382] - [Term1] Process finished. ExitCode: 62097, Status: ExitStatus.CrashExit
2025-05-14 19:47:41,243 [DEBUG] [term6.py:488] - [Term2] Focus In Event
2025-05-14 19:47:41,243 [DEBUG] [term6.py:763] - MainWindow: Last focused terminal updated to Term2
2025-05-14 19:47:41,243 [INFO] [term6.py:823] - Closing terminal: Term2
2025-05-14 19:47:41,243 [INFO] [term6.py:480] - [Term2] Close event received. Killing process.
2025-05-14 19:47:41,245 [ERROR] [term6.py:322] - [Term2] Process error: Process crashed (code: ProcessError.Crashed)
2025-05-14 19:47:41,247 [INFO] [term6.py:382] - [Term2] Process finished. ExitCode: 62097, Status: ExitStatus.CrashExit
