2025-05-14 19:55:54,869 [INFO] [term6.py:674] - Settings loaded from T:\z-test1\termbuttons\term_enhanced_settings.json
2025-05-14 19:55:54,959 [INFO] [term6.py:358] - [Term1] Starting shell: C:\Program Files\Git\usr\bin\bash.EXE --login -i
2025-05-14 19:55:54,964 [INFO] [term6.py:367] - [Term1] Shell started successfully.
2025-05-14 19:55:54,968 [INFO] [term6.py:358] - [Term2] Starting shell: C:\Program Files\Git\usr\bin\bash.EXE --login -i
2025-05-14 19:55:54,973 [INFO] [term6.py:367] - [Term2] Shell started successfully.
2025-05-14 19:55:54,976 [DEBUG] [term6.py:488] - [Term2] Focus In Event
2025-05-14 19:55:54,977 [DEBUG] [term6.py:763] - MainWindow: Last focused terminal updated to Term2
2025-05-14 19:56:05,426 [DEBUG] [term6.py:763] - MainWindow: Last focused terminal updated to Term2
2025-05-14 19:56:05,427 [INFO] [term6.py:969] - Sending preset command 'ssh -i ~/.ssh/oracle-ubuntu-vm.key ubuntu@129.158.239.158' to Term2
2025-05-14 19:56:05,427 [DEBUG] [term6.py:469] - [Term2] Sent command: ssh -i ~/.ssh/oracle-ubuntu-vm.key ubuntu@129.158.239.158
2025-05-14 19:56:05,427 [DEBUG] [term6.py:488] - [Term2] Focus In Event
2025-05-14 19:56:05,427 [DEBUG] [term6.py:763] - MainWindow: Last focused terminal updated to Term2
2025-05-14 19:56:41,608 [DEBUG] [term6.py:488] - [Term2] Focus In Event
2025-05-14 19:56:41,608 [DEBUG] [term6.py:763] - MainWindow: Last focused terminal updated to Term2
2025-05-14 19:57:35,925 [DEBUG] [term6.py:488] - [Term2] Focus In Event
2025-05-14 19:57:35,926 [DEBUG] [term6.py:763] - MainWindow: Last focused terminal updated to Term2
2025-05-14 19:57:38,414 [DEBUG] [term6.py:488] - [Term2] Focus In Event
2025-05-14 19:57:38,414 [DEBUG] [term6.py:763] - MainWindow: Last focused terminal updated to Term2
2025-05-14 19:57:55,605 [DEBUG] [term6.py:488] - [Term2] Focus In Event
2025-05-14 19:57:55,605 [DEBUG] [term6.py:763] - MainWindow: Last focused terminal updated to Term2
2025-05-14 19:57:55,606 [INFO] [term6.py:704] - Settings saved to T:\z-test1\termbuttons\term_enhanced_settings.json
2025-05-14 19:57:55,606 [INFO] [term6.py:729] - Preset commands updated.
2025-05-14 19:57:58,260 [DEBUG] [term6.py:488] - [Term1] Focus In Event
2025-05-14 19:57:58,260 [DEBUG] [term6.py:763] - MainWindow: Last focused terminal updated to Term1
2025-05-14 19:58:00,082 [DEBUG] [term6.py:763] - MainWindow: Last focused terminal updated to Term1
2025-05-14 19:58:00,082 [INFO] [term6.py:969] - Sending preset command 'ssh -t -i /c/Users/Basic/.ssh/oracle-amp.key ubuntu@193.122.157.24' to Term1
2025-05-14 19:58:00,082 [DEBUG] [term6.py:469] - [Term1] Sent command: ssh -t -i /c/Users/Basic/.ssh/oracle-amp.key ubuntu@193.122.157.24
2025-05-14 19:58:00,082 [DEBUG] [term6.py:488] - [Term1] Focus In Event
2025-05-14 19:58:00,083 [DEBUG] [term6.py:763] - MainWindow: Last focused terminal updated to Term1
2025-05-14 19:58:10,140 [DEBUG] [term6.py:488] - [Term1] Focus In Event
2025-05-14 19:58:10,140 [DEBUG] [term6.py:763] - MainWindow: Last focused terminal updated to Term1
2025-05-14 20:00:39,636 [DEBUG] [term6.py:488] - [Term1] Focus In Event
2025-05-14 20:00:39,636 [DEBUG] [term6.py:763] - MainWindow: Last focused terminal updated to Term1
2025-05-14 20:00:40,525 [DEBUG] [term6.py:488] - [Term2] Focus In Event
2025-05-14 20:00:40,525 [DEBUG] [term6.py:763] - MainWindow: Last focused terminal updated to Term2
2025-05-14 20:00:52,732 [DEBUG] [term6.py:488] - [Term2] Focus In Event
2025-05-14 20:00:52,732 [DEBUG] [term6.py:763] - MainWindow: Last focused terminal updated to Term2
2025-05-14 20:06:56,746 [DEBUG] [term6.py:488] - [Term2] Focus In Event
2025-05-14 20:06:56,747 [DEBUG] [term6.py:763] - MainWindow: Last focused terminal updated to Term2
2025-05-14 20:06:58,214 [DEBUG] [term6.py:488] - [Term1] Focus In Event
2025-05-14 20:06:58,214 [DEBUG] [term6.py:763] - MainWindow: Last focused terminal updated to Term1
2025-05-14 20:06:59,936 [INFO] [term6.py:978] - MainWindow close event. Closing all terminals.
2025-05-14 20:06:59,936 [INFO] [term6.py:704] - Settings saved to T:\z-test1\termbuttons\term_enhanced_settings.json
2025-05-14 20:06:59,936 [INFO] [term6.py:823] - Closing terminal: Term1
2025-05-14 20:06:59,937 [INFO] [term6.py:480] - [Term1] Close event received. Killing process.
2025-05-14 20:06:59,940 [ERROR] [term6.py:322] - [Term1] Process error: Process crashed (code: ProcessError.Crashed)
2025-05-14 20:07:00,175 [INFO] [term6.py:382] - [Term1] Process finished. ExitCode: 62097, Status: ExitStatus.CrashExit
2025-05-14 20:07:00,187 [DEBUG] [term6.py:488] - [Term2] Focus In Event
2025-05-14 20:07:00,188 [DEBUG] [term6.py:763] - MainWindow: Last focused terminal updated to Term2
2025-05-14 20:07:00,188 [INFO] [term6.py:823] - Closing terminal: Term2
2025-05-14 20:07:00,189 [INFO] [term6.py:480] - [Term2] Close event received. Killing process.
2025-05-14 20:07:00,191 [ERROR] [term6.py:322] - [Term2] Process error: Process crashed (code: ProcessError.Crashed)
2025-05-14 20:07:00,194 [INFO] [term6.py:382] - [Term2] Process finished. ExitCode: 62097, Status: ExitStatus.CrashExit
